This is pdfTeX, Version 3.14159265-2.6-1.40.17 (TeX Live 2016) (preloaded format=pdflatex 2017.3.16)  8 MAR 2018 22:35
entering extended mode
 restricted \write18 enabled.
 file:line:error style messages enabled.
 %&-line parsing enabled.
**rapport_local_quentin.tex
(./rapport_local_quentin.tex
LaTeX2e <2016/03/31>
Babel <3.9r> and hyphenation patterns for 83 language(s) loaded.
(/usr/local/texlive/2016/texmf-dist/tex/latex/IEEEtran/IEEEtran.cls
Document Class: IEEEtran 2015/08/26 V1.8b by Michael Shell
-- See the "IEEEtran_HOWTO" manual for usage information.
-- http://www.michaelshell.org/tex/ieeetran/
\@IEEEtrantmpdimenA=\dimen102
\@IEEEtrantmpdimenB=\dimen103
\@IEEEtrantmpdimenC=\dimen104
\@IEEEtrantmpcountA=\count79
\@IEEEtrantmpcountB=\count80
\@IEEEtrantmpcountC=\count81
\@IEEEtrantmptoksA=\toks14
LaTeX Font Info:    Try loading font information for OT1+ptm on input line 503.

(/usr/local/texlive/2016/texmf-dist/tex/latex/psnfss/ot1ptm.fd
File: ot1ptm.fd 2001/06/04 font definitions for OT1/ptm.
)
-- Using 8.5in x 11in (letter) paper.
-- Using PDF output.
\@IEEEnormalsizeunitybaselineskip=\dimen105
-- This is a 10 point document.
\CLASSINFOnormalsizebaselineskip=\dimen106
\CLASSINFOnormalsizeunitybaselineskip=\dimen107
\IEEEnormaljot=\dimen108
LaTeX Font Info:    Font shape `OT1/ptm/bx/n' in size <5> not available
(Font)              Font shape `OT1/ptm/b/n' tried instead on input line 1090.
LaTeX Font Info:    Font shape `OT1/ptm/bx/it' in size <5> not available
(Font)              Font shape `OT1/ptm/b/it' tried instead on input line 1090.

LaTeX Font Info:    Font shape `OT1/ptm/bx/n' in size <7> not available
(Font)              Font shape `OT1/ptm/b/n' tried instead on input line 1090.
LaTeX Font Info:    Font shape `OT1/ptm/bx/it' in size <7> not available
(Font)              Font shape `OT1/ptm/b/it' tried instead on input line 1090.

LaTeX Font Info:    Font shape `OT1/ptm/bx/n' in size <8> not available
(Font)              Font shape `OT1/ptm/b/n' tried instead on input line 1090.
LaTeX Font Info:    Font shape `OT1/ptm/bx/it' in size <8> not available
(Font)              Font shape `OT1/ptm/b/it' tried instead on input line 1090.

LaTeX Font Info:    Font shape `OT1/ptm/bx/n' in size <9> not available
(Font)              Font shape `OT1/ptm/b/n' tried instead on input line 1090.
LaTeX Font Info:    Font shape `OT1/ptm/bx/it' in size <9> not available
(Font)              Font shape `OT1/ptm/b/it' tried instead on input line 1090.

LaTeX Font Info:    Font shape `OT1/ptm/bx/n' in size <10> not available
(Font)              Font shape `OT1/ptm/b/n' tried instead on input line 1090.
LaTeX Font Info:    Font shape `OT1/ptm/bx/it' in size <10> not available
(Font)              Font shape `OT1/ptm/b/it' tried instead on input line 1090.

LaTeX Font Info:    Font shape `OT1/ptm/bx/n' in size <11> not available
(Font)              Font shape `OT1/ptm/b/n' tried instead on input line 1090.
LaTeX Font Info:    Font shape `OT1/ptm/bx/it' in size <11> not available
(Font)              Font shape `OT1/ptm/b/it' tried instead on input line 1090.

LaTeX Font Info:    Font shape `OT1/ptm/bx/n' in size <12> not available
(Font)              Font shape `OT1/ptm/b/n' tried instead on input line 1090.
LaTeX Font Info:    Font shape `OT1/ptm/bx/it' in size <12> not available
(Font)              Font shape `OT1/ptm/b/it' tried instead on input line 1090.

LaTeX Font Info:    Font shape `OT1/ptm/bx/n' in size <17> not available
(Font)              Font shape `OT1/ptm/b/n' tried instead on input line 1090.
LaTeX Font Info:    Font shape `OT1/ptm/bx/it' in size <17> not available
(Font)              Font shape `OT1/ptm/b/it' tried instead on input line 1090.

LaTeX Font Info:    Font shape `OT1/ptm/bx/n' in size <20> not available
(Font)              Font shape `OT1/ptm/b/n' tried instead on input line 1090.
LaTeX Font Info:    Font shape `OT1/ptm/bx/it' in size <20> not available
(Font)              Font shape `OT1/ptm/b/it' tried instead on input line 1090.

LaTeX Font Info:    Font shape `OT1/ptm/bx/n' in size <24> not available
(Font)              Font shape `OT1/ptm/b/n' tried instead on input line 1090.
LaTeX Font Info:    Font shape `OT1/ptm/bx/it' in size <24> not available
(Font)              Font shape `OT1/ptm/b/it' tried instead on input line 1090.

\IEEEquantizedlength=\dimen109
\IEEEquantizedlengthdiff=\dimen110
\IEEEquantizedtextheightdiff=\dimen111
\IEEEilabelindentA=\dimen112
\IEEEilabelindentB=\dimen113
\IEEEilabelindent=\dimen114
\IEEEelabelindent=\dimen115
\IEEEdlabelindent=\dimen116
\IEEElabelindent=\dimen117
\IEEEiednormlabelsep=\dimen118
\IEEEiedmathlabelsep=\dimen119
\IEEEiedtopsep=\skip41
\c@section=\count82
\c@subsection=\count83
\c@subsubsection=\count84
\c@paragraph=\count85
\c@IEEEsubequation=\count86
\abovecaptionskip=\skip42
\belowcaptionskip=\skip43
\c@figure=\count87
\c@table=\count88
\@IEEEeqnnumcols=\count89
\@IEEEeqncolcnt=\count90
\@IEEEsubeqnnumrollback=\count91
\@IEEEquantizeheightA=\dimen120
\@IEEEquantizeheightB=\dimen121
\@IEEEquantizeheightC=\dimen122
\@IEEEquantizeprevdepth=\dimen123
\@IEEEquantizemultiple=\count92
\@IEEEquantizeboxA=\box26
\@IEEEtmpitemindent=\dimen124
\IEEEPARstartletwidth=\dimen125
\c@IEEEbiography=\count93
\@IEEEtranrubishbin=\box27
) (/usr/local/texlive/2016/texmf-dist/tex/generic/babel/babel.sty
Package: babel 2016/04/23 3.9r The Babel package

(/usr/local/texlive/2016/texmf-dist/tex/generic/babel-french/frenchb.ldf
Language: frenchb 2016/05/14 v3.2c French support from the babel system

(/usr/local/texlive/2016/texmf-dist/tex/generic/babel/babel.def
File: babel.def 2016/04/23 3.9r Babel common definitions
\babel@savecnt=\count94
\U@D=\dimen126
)
\l@acadian = a dialect from \language\l@french 
\l@canadien = a dialect from \language\l@french 
\FB@nonchar=\count95
\FBcolonskip=\skip44
\FBthinskip=\skip45
Package babel Info: Making : an active character on input line 365.
Package babel Info: Making ; an active character on input line 366.
Package babel Info: Making ! an active character on input line 367.
Package babel Info: Making ? an active character on input line 368.
\FBguillskip=\skip46
\FBguill@level=\count96
\FB@everypar=\toks15
\FB@Mht=\dimen127
\std@mcc=\count97
\dec@mcc=\count98
\listindentFB=\skip47
\labelwidthFB=\skip48
\leftmarginFB=\skip49
\parindentFFN=\dimen128
\FBfnindent=\skip50
))
(/usr/local/texlive/2016/texmf-dist/tex/latex/carlisle/scalefnt.sty)
(/usr/local/texlive/2016/texmf-dist/tex/latex/graphics/keyval.sty
Package: keyval 2014/10/28 v1.15 key=value parser (DPC)
\KV@toks@=\toks16
)
(/usr/local/texlive/2016/texmf-dist/tex/latex/base/inputenc.sty
Package: inputenc 2015/03/17 v1.2c Input encoding file
\inpenc@prehook=\toks17
\inpenc@posthook=\toks18

(/usr/local/texlive/2016/texmf-dist/tex/latex/base/latin1.def
File: latin1.def 2015/03/17 v1.2c Input encoding file
))
(/usr/local/texlive/2016/texmf-dist/tex/latex/aeguill/aeguill.sty
Package: aeguill 2003/08/02 1.02 AE fonts with french guillemets (D. Roegel)

(/usr/local/texlive/2016/texmf-dist/tex/latex/ae/ae.sty
Package: ae 2001/02/12 1.3 Almost European Computer Modern

(/usr/local/texlive/2016/texmf-dist/tex/latex/base/fontenc.sty
Package: fontenc 2005/09/27 v1.99g Standard LaTeX package

(/usr/local/texlive/2016/texmf-dist/tex/latex/base/t1enc.def
File: t1enc.def 2005/09/27 v1.99g Standard LaTeX file
LaTeX Font Info:    Redeclaring font encoding T1 on input line 48.
)
LaTeX Font Info:    Try loading font information for T1+aer on input line 105.

(/usr/local/texlive/2016/texmf-dist/tex/latex/ae/t1aer.fd
File: t1aer.fd 1997/11/16 Font definitions for T1/aer.
)))
(/usr/local/texlive/2016/texmf-dist/tex/latex/base/fontenc.sty
Package: fontenc 2005/09/27 v1.99g Standard LaTeX package

(/usr/local/texlive/2016/texmf-dist/tex/latex/cyrillic/ot2enc.def
File: ot2enc.def 2001/08/11 v3.3a Cyrillic encoding definition file
)
(/usr/local/texlive/2016/texmf-dist/tex/latex/base/t1enc.def
File: t1enc.def 2005/09/27 v1.99g Standard LaTeX file
LaTeX Font Info:    Redeclaring font encoding T1 on input line 48.
)))
(/usr/local/texlive/2016/texmf-dist/tex/latex/base/fontenc.sty
Package: fontenc 2005/09/27 v1.99g Standard LaTeX package

(/usr/local/texlive/2016/texmf-dist/tex/latex/base/t1enc.def
File: t1enc.def 2005/09/27 v1.99g Standard LaTeX file
LaTeX Font Info:    Redeclaring font encoding T1 on input line 48.
))
(/usr/local/texlive/2016/texmf-dist/tex/generic/oberdiek/ifpdf.sty
Package: ifpdf 2016/05/14 v3.1 Provides the ifpdf switch
)
(/usr/local/texlive/2016/texmf-dist/tex/latex/cite/cite.sty
LaTeX Info: Redefining \cite on input line 302.
LaTeX Info: Redefining \nocite on input line 332.
Package: cite 2015/02/27  v 5.5
)
(/usr/local/texlive/2016/texmf-dist/tex/latex/graphics/graphicx.sty
Package: graphicx 2014/10/28 v1.0g Enhanced LaTeX Graphics (DPC,SPQR)

(/usr/local/texlive/2016/texmf-dist/tex/latex/graphics/graphics.sty
Package: graphics 2016/05/09 v1.0r Standard LaTeX Graphics (DPC,SPQR)

(/usr/local/texlive/2016/texmf-dist/tex/latex/graphics/trig.sty
Package: trig 2016/01/03 v1.10 sin cos tan (DPC)
)
(/usr/local/texlive/2016/texmf-dist/tex/latex/graphics-cfg/graphics.cfg
File: graphics.cfg 2016/01/02 v1.10 sample graphics configuration
)
Package graphics Info: Driver file: pdftex.def on input line 96.

(/usr/local/texlive/2016/texmf-dist/tex/latex/pdftex-def/pdftex.def
File: pdftex.def 2011/05/27 v0.06d Graphics/color for pdfTeX

(/usr/local/texlive/2016/texmf-dist/tex/generic/oberdiek/infwarerr.sty
Package: infwarerr 2016/05/16 v1.4 Providing info/warning/error messages (HO)
)
(/usr/local/texlive/2016/texmf-dist/tex/generic/oberdiek/ltxcmds.sty
Package: ltxcmds 2016/05/16 v1.23 LaTeX kernel commands for general use (HO)
)
\Gread@gobject=\count99
))
\Gin@req@height=\dimen129
\Gin@req@width=\dimen130
)
(/usr/local/texlive/2016/texmf-dist/tex/latex/graphics/epsfig.sty
Package: epsfig 1999/02/16 v1.7a (e)psfig emulation (SPQR)
\epsfxsize=\dimen131
\epsfysize=\dimen132
)
(/usr/local/texlive/2016/texmf-dist/tex/latex/amsmath/amsmath.sty
Package: amsmath 2016/03/10 v2.15b AMS math features
\@mathmargin=\skip51

For additional information on amsmath, use the `?' option.
(/usr/local/texlive/2016/texmf-dist/tex/latex/amsmath/amstext.sty
Package: amstext 2000/06/29 v2.01 AMS text

(/usr/local/texlive/2016/texmf-dist/tex/latex/amsmath/amsgen.sty
File: amsgen.sty 1999/11/30 v2.0 generic functions
\@emptytoks=\toks19
\ex@=\dimen133
))
(/usr/local/texlive/2016/texmf-dist/tex/latex/amsmath/amsbsy.sty
Package: amsbsy 1999/11/29 v1.2d Bold Symbols
\pmbraise@=\dimen134
)
(/usr/local/texlive/2016/texmf-dist/tex/latex/amsmath/amsopn.sty
Package: amsopn 2016/03/08 v2.02 operator names
)
\inf@bad=\count100
LaTeX Info: Redefining \frac on input line 199.
\uproot@=\count101
\leftroot@=\count102
LaTeX Info: Redefining \overline on input line 297.
\classnum@=\count103
\DOTSCASE@=\count104
LaTeX Info: Redefining \ldots on input line 394.
LaTeX Info: Redefining \dots on input line 397.
LaTeX Info: Redefining \cdots on input line 518.
\Mathstrutbox@=\box28
\strutbox@=\box29
\big@size=\dimen135
LaTeX Font Info:    Redeclaring font encoding OML on input line 634.
LaTeX Font Info:    Redeclaring font encoding OMS on input line 635.
\macc@depth=\count105
\c@MaxMatrixCols=\count106
\dotsspace@=\muskip10
\c@parentequation=\count107
\dspbrk@lvl=\count108
\tag@help=\toks20
\row@=\count109
\column@=\count110
\maxfields@=\count111
\andhelp@=\toks21
\eqnshift@=\dimen136
\alignsep@=\dimen137
\tagshift@=\dimen138
\tagwidth@=\dimen139
\totwidth@=\dimen140
\lineht@=\dimen141
\@envbody=\toks22
\multlinegap=\skip52
\multlinetaggap=\skip53
\mathdisplay@stack=\toks23
LaTeX Info: Redefining \[ on input line 2739.
LaTeX Info: Redefining \] on input line 2740.
)
(/usr/local/texlive/2016/texmf-dist/tex/latex/mathtools/empheq.sty
Package: empheq 2014/07/16 v2.14 Emphasizing equations

(/usr/local/texlive/2016/texmf-dist/tex/latex/mathtools/mhsetup.sty
Package: mhsetup 2010/01/21 v1.2a programming setup (MH)
)
(/usr/local/texlive/2016/texmf-dist/tex/latex/mathtools/mathtools.sty
Package: mathtools 2015/11/12 v1.18 mathematical typesetting tools

(/usr/local/texlive/2016/texmf-dist/tex/latex/tools/calc.sty
Package: calc 2014/10/28 v4.3 Infix arithmetic (KKT,FJ)
\calc@Acount=\count112
\calc@Bcount=\count113
\calc@Adimen=\dimen142
\calc@Bdimen=\dimen143
\calc@Askip=\skip54
\calc@Bskip=\skip55
LaTeX Info: Redefining \setlength on input line 80.
LaTeX Info: Redefining \addtolength on input line 81.
\calc@Ccount=\count114
\calc@Cskip=\skip56
)
LaTeX Info: Thecontrolsequence`\('isalreadyrobust on input line 129.
LaTeX Info: Thecontrolsequence`\)'isalreadyrobust on input line 129.
LaTeX Info: Thecontrolsequence`\['isalreadyrobust on input line 129.
LaTeX Info: Thecontrolsequence`\]'isalreadyrobust on input line 129.
\g_MT_multlinerow_int=\count115
\l_MT_multwidth_dim=\dimen144
\origjot=\skip57
\l_MT_shortvdotswithinadjustabove_dim=\dimen145
\l_MT_shortvdotswithinadjustbelow_dim=\dimen146
\l_MT_above_intertext_sep=\dimen147
\l_MT_below_intertext_sep=\dimen148
\l_MT_above_shortintertext_sep=\dimen149
\l_MT_below_shortintertext_sep=\dimen150
)
\l_EQ_equationtype_int=\count116
\l_EQ_alignmentmode_int=\count117
\l_EQ_totalwidth_dim=\dimen151
\l_EQ_displaywidth_dim=\dimen152
\l_EQ_temp_linewidth_dim=\dimen153
\EmphEqdelimitershortfall=\dimen154
\EmphEqdelimiterfactor=\count118
\g_EQ_toptag_height_dim=\dimen155
\g_EQ_bottomtag_depth_dim=\dimen156
\g_EQ_toprow_height_dim=\dimen157
\g_EQ_bottomrow_depth_dim=\dimen158
\g_EQ_widesttag_dim=\dimen159
\EQ_mathdisplay_box=\box30
\EQ_tag_box=\box31
\g_EQ_temprow_int=\count119
)
(/usr/local/texlive/2016/texmf-dist/tex/latex/subfigure/subfigure.sty
Package: subfigure 2002/03/15 v2.1.5 subfigure package
\subfigtopskip=\skip58
\subfigcapskip=\skip59
\subfigcaptopadj=\dimen160
\subfigbottomskip=\skip60
\subfigcapmargin=\dimen161
\subfiglabelskip=\skip61
\c@subfigure=\count120
\c@lofdepth=\count121
\c@subtable=\count122
\c@lotdepth=\count123

****************************************
* Local config file subfigure.cfg used *
****************************************
(/usr/local/texlive/2016/texmf-dist/tex/latex/subfigure/subfigure.cfg)
\subfig@top=\skip62
\subfig@bottom=\skip63
)
(/usr/local/texlive/2016/texmf-dist/tex/latex/subfig/subfig.sty
Package: subfig 2005/06/28 ver: 1.3 subfig package

(/usr/local/texlive/2016/texmf-dist/tex/latex/caption/caption3.sty
Package: caption3 2016/02/04 v1.7-139 caption3 kernel (AR)
Package caption3 Info: TeX engine: e-TeX on input line 67.
\captionmargin=\dimen162
\captionmargin@=\dimen163
\captionwidth=\dimen164
\caption@tempdima=\dimen165
\caption@indent=\dimen166
\caption@parindent=\dimen167
\caption@hangindent=\dimen168
Package caption Info: The definition of \@makecaption has been changed,
(caption)             frenchb will NOT customize it.
Package caption Info: Unknown document class (or package),
(caption)             standard defaults will be used.
)
\c@KVtest=\count124
\sf@farskip=\skip64
\sf@captopadj=\dimen169
\sf@capskip=\skip65
\sf@nearskip=\skip66
\sf@top=\skip67
\sf@bottom=\skip68
)
(/usr/local/texlive/2016/texmf-dist/tex/latex/listings/listings.sty
\lst@mode=\count125
\lst@gtempboxa=\box32
\lst@token=\toks24
\lst@length=\count126
\lst@currlwidth=\dimen170
\lst@column=\count127
\lst@pos=\count128
\lst@lostspace=\dimen171
\lst@width=\dimen172
\lst@newlines=\count129
\lst@lineno=\count130
\lst@maxwidth=\dimen173

(/usr/local/texlive/2016/texmf-dist/tex/latex/listings/lstmisc.sty
File: lstmisc.sty 2015/06/04 1.6 (Carsten Heinz)
\c@lstnumber=\count131
\lst@skipnumbers=\count132
\lst@framebox=\box33
)
(/usr/local/texlive/2016/texmf-dist/tex/latex/listings/listings.cfg
File: listings.cfg 2015/06/04 1.6 listings configuration
))
Package: listings 2015/06/04 1.6 (Carsten Heinz)

(/usr/local/texlive/2016/texmf-dist/tex/latex/graphics/color.sty
Package: color 2016/05/09 v1.1c Standard LaTeX Color (DPC)

(/usr/local/texlive/2016/texmf-dist/tex/latex/graphics-cfg/color.cfg
File: color.cfg 2016/01/02 v1.6 sample color configuration
)
Package color Info: Driver file: pdftex.def on input line 144.
)
(./rapport_local_quentin.aux)
\openout1 = `rapport_local_quentin.aux'.

LaTeX Font Info:    Checking defaults for OML/cmm/m/it on input line 50.
LaTeX Font Info:    ... okay on input line 50.
LaTeX Font Info:    Checking defaults for T1/cmr/m/n on input line 50.
LaTeX Font Info:    ... okay on input line 50.
LaTeX Font Info:    Checking defaults for OT1/cmr/m/n on input line 50.
LaTeX Font Info:    ... okay on input line 50.
LaTeX Font Info:    Checking defaults for OMS/cmsy/m/n on input line 50.
LaTeX Font Info:    ... okay on input line 50.
LaTeX Font Info:    Checking defaults for OMX/cmex/m/n on input line 50.
LaTeX Font Info:    ... okay on input line 50.
LaTeX Font Info:    Checking defaults for U/cmr/m/n on input line 50.
LaTeX Font Info:    ... okay on input line 50.
LaTeX Font Info:    Checking defaults for OT2/cmr/m/n on input line 50.
LaTeX Font Info:    Try loading font information for OT2+cmr on input line 50.

(/usr/local/texlive/2016/texmf-dist/tex/latex/cyrillic/ot2cmr.fd
File: ot2cmr.fd 2001/08/11 v3.2c Computer Modern Cyrillic font definitions
)
LaTeX Font Info:    ... okay on input line 50.

-- Lines per column: 56 (exact).
LaTeX Info: Redefining \degres on input line 50.

Package frenchb.ldf Warning: Figures' and tables' captions might look like
(frenchb.ldf)                `Figure 1:' which is wrong in French.
(frenchb.ldf)                Check your class or packages to change this;
(frenchb.ldf)                reported on input line 50.

LaTeX Info: Redefining \dots on input line 50.
LaTeX Info: Redefining \up on input line 50.
(/usr/local/texlive/2016/texmf-dist/tex/context/base/mkii/supp-pdf.mkii
[Loading MPS to PDF converter (version 2006.09.02).]
\scratchcounter=\count133
\scratchdimen=\dimen174
\scratchbox=\box34
\nofMPsegments=\count134
\nofMParguments=\count135
\everyMPshowfont=\toks25
\MPscratchCnt=\count136
\MPscratchDim=\dimen175
\MPnumerator=\count137
\makeMPintoPDFobject=\count138
\everyMPtoPDFconversion=\toks26
) (/usr/local/texlive/2016/texmf-dist/tex/generic/oberdiek/pdftexcmds.sty
Package: pdftexcmds 2016/05/10 v0.21 Utility functions of pdfTeX for LuaTeX (HO
)

(/usr/local/texlive/2016/texmf-dist/tex/generic/oberdiek/ifluatex.sty
Package: ifluatex 2016/05/16 v1.4 Provides the ifluatex switch (HO)
Package ifluatex Info: LuaTeX not detected.
)
Package pdftexcmds Info: LuaTeX not detected.
Package pdftexcmds Info: \pdf@primitive is available.
Package pdftexcmds Info: \pdf@ifprimitive is available.
Package pdftexcmds Info: \pdfdraftmode found.
)
(/usr/local/texlive/2016/texmf-dist/tex/latex/oberdiek/epstopdf-base.sty
Package: epstopdf-base 2016/05/15 v2.6 Base part for package epstopdf

(/usr/local/texlive/2016/texmf-dist/tex/latex/oberdiek/grfext.sty
Package: grfext 2016/05/16 v1.2 Manage graphics extensions (HO)

(/usr/local/texlive/2016/texmf-dist/tex/generic/oberdiek/kvdefinekeys.sty
Package: kvdefinekeys 2016/05/16 v1.4 Define keys (HO)
))
(/usr/local/texlive/2016/texmf-dist/tex/latex/oberdiek/kvoptions.sty
Package: kvoptions 2016/05/16 v3.12 Key value format for package options (HO)

(/usr/local/texlive/2016/texmf-dist/tex/generic/oberdiek/kvsetkeys.sty
Package: kvsetkeys 2016/05/16 v1.17 Key value parser (HO)

(/usr/local/texlive/2016/texmf-dist/tex/generic/oberdiek/etexcmds.sty
Package: etexcmds 2016/05/16 v1.6 Avoid name clashes with e-TeX commands (HO)
Package etexcmds Info: Could not find \expanded.
(etexcmds)             That can mean that you are not using pdfTeX 1.50 or
(etexcmds)             that some package has redefined \expanded.
(etexcmds)             In the latter case, load this package earlier.
)))
Package grfext Info: Graphics extension search list:
(grfext)             [.pdf,.jpeg,.png,.pdf,.eps]
(grfext)             \AppendGraphicsExtensions on input line 456.

(/usr/local/texlive/2016/texmf-dist/tex/latex/latexconfig/epstopdf-sys.cfg
File: epstopdf-sys.cfg 2010/07/13 v1.3 Configuration of (r)epstopdf for TeX Liv
e
))
\Hy@linkcounter=\count139
Package caption Info: Begin \AtBeginDocument code.
Package caption Info: subfig package v1.3 is loaded.
Package caption Info: End \AtBeginDocument code.
\c@lstlisting=\count140
LaTeX Font Info:    External font `cmex10' loaded for size
(Font)              <7> on input line 64.
LaTeX Font Info:    External font `cmex10' loaded for size
(Font)              <5> on input line 64.

Underfull \hbox (badness 10000) in paragraph at lines 82--85

 []


Underfull \hbox (badness 10000) in paragraph at lines 89--92

 []

[1


{/usr/local/texlive/2016/texmf-var/fonts/map/pdftex/updmap/pdftex.map}]
Underfull \hbox (badness 10000) in paragraph at lines 94--97

 []


Underfull \hbox (badness 10000) in paragraph at lines 98--100

 []


Underfull \hbox (badness 10000) in paragraph at lines 101--103

 []


Underfull \hbox (badness 10000) in paragraph at lines 104--106

 []


Underfull \hbox (badness 10000) in paragraph at lines 107--109

 []


** Conference Paper **
Before submitting the final camera ready copy, remember to:

 1. Manually equalize the lengths of two columns on the last page
 of your paper;

 2. Ensure that any PostScript and/or PDF output post-processing
 uses only Type 1 fonts and that every step in the generation
 process uses the appropriate paper size.

[2] (./rapport_local_quentin.aux) ) 
Here is how much of TeX's memory you used:
 7679 strings out of 493014
 118222 string characters out of 6133351
 194405 words of memory out of 5000000
 11069 multiletter control sequences out of 15000+600000
 102158 words of font info for 126 fonts, out of 8000000 for 9000
 1141 hyphenation exceptions out of 8191
 38i,6n,38p,768b,439s stack positions out of 5000i,500n,10000p,200000b,80000s
</usr/local/texlive/2016/texmf-dist/fonts/ty
pe1/public/amsfonts/cm/cmbx10.pfb></usr/local/texlive/2016/texmf-dist/fonts/typ
e1/public/amsfonts/cm/cmbx9.pfb></usr/local/texlive/2016/texmf-dist/fonts/type1
/public/amsfonts/cm/cmcsc10.pfb></usr/local/texlive/2016/texmf-dist/fonts/type1
/public/amsfonts/cm/cmmi10.pfb></usr/local/texlive/2016/texmf-dist/fonts/type1/
public/amsfonts/cm/cmmi7.pfb></usr/local/texlive/2016/texmf-dist/fonts/type1/pu
blic/amsfonts/cm/cmr10.pfb></usr/local/texlive/2016/texmf-dist/fonts/type1/publ
ic/amsfonts/cm/cmr17.pfb></usr/local/texlive/2016/texmf-dist/fonts/type1/public
/amsfonts/cm/cmr9.pfb></usr/local/texlive/2016/texmf-dist/fonts/type1/public/am
sfonts/cm/cmsy10.pfb></usr/local/texlive/2016/texmf-dist/fonts/type1/public/ams
fonts/cm/cmti10.pfb>
Output written on rapport_local_quentin.pdf (2 pages, 117122 bytes).
PDF statistics:
 51 PDF objects out of 1000 (max. 8388607)
 36 compressed objects within 1 object stream
 0 named destinations out of 1000 (max. 500000)
 1 words of extra memory for PDF output out of 10000 (max. 10000000)

